<?xml version="1.0" encoding="UTF-8"?>
<!-- Generated by org.testng.reporters.JUnitReportReporter -->
<testsuite hostname="DESKTOP-7H0063D" name="org.testng.framework.TestngDemo1" tests="8" failures="0" timestamp="15 Dec 2024 19:51:12 GMT" time="0.105" errors="0">
  <testcase name="tc6" time="0.032" classname="org.testng.framework.TestngDemo1"/>
  <testcase name="tc5" time="0.011" classname="org.testng.framework.TestngDemo1"/>
  <testcase name="tc3" time="0.023" classname="org.testng.framework.TestngDemo1"/>
  <testcase name="tc5" time="0.015" classname="org.testng.framework.TestngDemo1"/>
  <testcase name="tc5" time="0.004" classname="org.testng.framework.TestngDemo1"/>
  <testcase name="tc5" time="0.003" classname="org.testng.framework.TestngDemo1"/>
  <testcase name="tc1" time="0.007" classname="org.testng.framework.TestngDemo1"/>
  <testcase name="tc2" time="0.010" classname="org.testng.framework.TestngDemo1"/>
</testsuite> <!-- org.testng.framework.TestngDemo1 -->
