<?xml version="1.0" encoding="UTF-8"?>
<!-- Generated by org.testng.reporters.JUnitReportReporter -->
<testsuite hostname="DESKTOP-7H0063D" name="org.testng.framework.ClassBSuite" tests="3" failures="0" timestamp="19 Dec 2024 08:34:55 GMT" time="0.290" errors="0">
  <testcase name="tc6" time="0.108" classname="org.testng.framework.ClassBSuite"/>
  <testcase name="tc5" time="0.109" classname="org.testng.framework.ClassBSuite"/>
  <testcase name="tc4" time="0.073" classname="org.testng.framework.ClassBSuite"/>
</testsuite> <!-- org.testng.framework.ClassBSuite -->
