<?xml version="1.0" encoding="UTF-8"?>
<!-- Generated by org.testng.reporters.JUnitReportReporter -->
<testsuite hostname="DESKTOP-7H0063D" name="org.testng.framework.DataProviderDemo" tests="4" failures="0" timestamp="19 Dec 2024 08:10:20 GMT" time="40.138" errors="0">
  <testcase name="setValues" time="3.619" classname="org.testng.framework.DataProviderDemo"/>
  <testcase name="setValues" time="26.044" classname="org.testng.framework.DataProviderDemo"/>
  <testcase name="setValues" time="1.497" classname="org.testng.framework.DataProviderDemo"/>
  <testcase name="launchBrowser" time="8.978" classname="org.testng.framework.DataProviderDemo"/>
</testsuite> <!-- org.testng.framework.DataProviderDemo -->
