<?xml version="1.0" encoding="UTF-8"?>
<!-- Generated by org.testng.reporters.JUnitReportReporter -->
<testsuite skipped="0" hostname="Lenovo" name="org.testng.framework.DpendsOnGrpAndMethod" tests="3" failures="0" timestamp="01 Dec 2024 08:28:39 GMT" time="0.053" errors="0">
  <testcase name="tc2" time="0.015" classname="org.testng.framework.DpendsOnGrpAndMethod"/>
  <testcase name="tc3" time="0.014" classname="org.testng.framework.DpendsOnGrpAndMethod"/>
  <testcase name="tc1" time="0.024" classname="org.testng.framework.DpendsOnGrpAndMethod"/>
</testsuite> <!-- org.testng.framework.DpendsOnGrpAndMethod -->
