<?xml version="1.0" encoding="UTF-8"?>
<!-- Generated by org.testng.reporters.JUnitReportReporter -->
<testsuite hostname="DESKTOP-7H0063D" name="org.testng.framework.ClassCSuite" tests="3" failures="0" timestamp="19 Dec 2024 08:34:55 GMT" time="0.031" errors="0">
  <testcase name="tc9" time="0.009" classname="org.testng.framework.ClassCSuite"/>
  <testcase name="tc7" time="0.017" classname="org.testng.framework.ClassCSuite"/>
  <testcase name="tc8" time="0.005" classname="org.testng.framework.ClassCSuite"/>
</testsuite> <!-- org.testng.framework.ClassCSuite -->
