<?xml version="1.0" encoding="UTF-8"?>
<!-- Generated by org.testng.reporters.JUnitReportReporter -->
<testsuite skipped="0" hostname="Lenovo" name="org.testng.framework.ParameterDemo" tests="1" failures="0" timestamp="30 Nov 2024 14:15:29 GMT" time="9.314" errors="0">
  <testcase name="testCase" time="9.314" classname="org.testng.framework.ParameterDemo"/>
</testsuite> <!-- org.testng.framework.ParameterDemo -->
