<?xml version="1.0" encoding="UTF-8"?>
<!-- Generated by org.testng.reporters.JUnitReportReporter -->
<testsuite hostname="DESKTOP-7H0063D" name="org.testng.framework.TestngDemo" tests="1" failures="0" timestamp="15 Dec 2024 19:49:52 GMT" time="0.020" errors="0">
  <testcase name="tc1" time="0.020" classname="org.testng.framework.TestngDemo"/>
</testsuite> <!-- org.testng.framework.TestngDemo -->
