<?xml version="1.0" encoding="UTF-8"?>
<!-- Generated by org.testng.reporters.JUnitReportReporter -->
<testsuite hostname="Lenovo" name="org.testng.practice.TestNGPractice" tests="1" failures="0" timestamp="10 Dec 2024 10:50:00 GMT" time="0.034" errors="0">
  <testcase name="busineesLogic" time="0.034" classname="org.testng.practice.TestNGPractice"/>
</testsuite>
