<?xml version="1.0" encoding="UTF-8"?>
<!-- Generated by org.testng.reporters.JUnitReportReporter -->
<testsuite hostname="DESKTOP-7H0063D" name="org.testng.Rerunpractie" tests="3" failures="0" timestamp="19 Dec 2024 09:17:55 GMT" time="0.082" errors="0">
  <testcase name="tc1" time="0.061" classname="org.testng.Rerunpractie"/>
  <testcase name="tc2" time="0.014" classname="org.testng.Rerunpractie"/>
  <testcase name="tc3" time="0.007" classname="org.testng.Rerunpractie"/>
</testsuite> <!-- org.testng.Rerunpractie -->
